<?xml version="1.0" encoding="UTF-8"?>
<testng-results skipped="0" failed="0" total="1" passed="1">
  <reporter-output>
    <line>
      <![CDATA[home page is displayed]]>
    </line>
    <line>
      <![CDATA[TestCase : validLogin is pass]]>
    </line>
  </reporter-output>
  <suite name="Default suite" duration-ms="65512" started-at="2021-02-06T12:09:58Z" finished-at="2021-02-06T12:11:03Z">
    <groups>
    </groups>
    <test name="Default test" duration-ms="65512" started-at="2021-02-06T12:09:58Z" finished-at="2021-02-06T12:11:03Z">
      <class name="org.demoframe.testPom.TestActitimeLogin">
        <test-method status="PASS" signature="openBrowser()[pri:0, instance:org.demoframe.testPom.TestActitimeLogin@3ab39c39]" name="openBrowser" is-config="true" duration-ms="60244" started-at="2021-02-06T04:09:58Z" finished-at="2021-02-06T04:10:58Z">
          <reporter-output>
          </reporter-output>
        </test-method> <!-- openBrowser -->
        <test-method status="PASS" signature="validLogin()[pri:0, instance:org.demoframe.testPom.TestActitimeLogin@3ab39c39]" name="validLogin" duration-ms="2796" started-at="2021-02-06T04:10:58Z" finished-at="2021-02-06T04:11:01Z">
          <reporter-output>
            <line>
              <![CDATA[home page is displayed]]>
            </line>
          </reporter-output>
        </test-method> <!-- validLogin -->
        <test-method status="PASS" signature="closeBrowser(org.testng.ITestResult)[pri:0, instance:org.demoframe.testPom.TestActitimeLogin@3ab39c39]" name="closeBrowser" is-config="true" duration-ms="2435" started-at="2021-02-06T04:11:01Z" finished-at="2021-02-06T04:11:03Z">
          <params>
            <param index="0">
              <value>
                <![CDATA[[TestResult name=validLogin status=SUCCESS method=TestActitimeLogin.validLogin()[pri:0, instance:org.demoframe.testPom.TestActitimeLogin@3ab39c39] output=home page is displayed]]]>
              </value>
            </param>
          </params>
          <reporter-output>
            <line>
              <![CDATA[TestCase : validLogin is pass]]>
            </line>
          </reporter-output>
        </test-method> <!-- closeBrowser -->
      </class> <!-- org.demoframe.testPom.TestActitimeLogin -->
    </test> <!-- Default test -->
  </suite> <!-- Default suite -->
</testng-results>
